<?xml version="1.0" encoding="UTF-8" standalone="yes"?><!DOCTYPE report PUBLIC "-//JACOCO//DTD Report 1.0//EN" "report.dtd"><report name="gameoflife-build"><sessioninfo id="LenovoT470-1f7e876e" start="1526573654809" dump="1526573655128"/><sessioninfo id="LenovoT470-78cb793c" start="1526573655704" dump="1526573656213"/><sessioninfo id="LenovoT470-5b553fc8" start="1526573686994" dump="1526573687334"/><sessioninfo id="LenovoT470-264bb250" start="1526573688020" dump="1526573688695"/><sessioninfo id="LenovoT470-284a52da" start="1526574183790" dump="1526574184249"/><sessioninfo id="LenovoT470-367476d4" start="1526574184852" dump="1526574185316"/></report>